[2023-12-19T16:12:05.788+0000] {manager.py:469} INFO - Processing files using up to 2 processes at a time 
[2023-12-19T16:12:05.790+0000] {manager.py:470} INFO - Process each file at most once every 30 seconds
[2023-12-19T16:12:05.794+0000] {manager.py:471} INFO - Checking for new files in /opt/airflow/dags every 300 seconds
[2023-12-19T16:12:05.796+0000] {manager.py:738} INFO - Searching for files in /opt/airflow/dags
[2023-12-19T16:12:05.807+0000] {manager.py:741} INFO - There are 1 files in /opt/airflow/dags
[2023-12-19T16:12:13.266+0000] {manager.py:879} INFO - 
================================================================================
DAG File Processing Stats

File Path                                      PID  Runtime      # DAGs    # Errors  Last Runtime    Last Run
-------------------------------------------  -----  ---------  --------  ----------  --------------  ----------
/opt/airflow/dags/data_ingestion_gcs_dag.py     61  0.11s             0           0
================================================================================
[2023-12-19T16:12:43.504+0000] {manager.py:879} INFO - 
================================================================================
DAG File Processing Stats

File Path                                    PID    Runtime      # DAGs    # Errors  Last Runtime    Last Run
-------------------------------------------  -----  ---------  --------  ----------  --------------  -------------------
/opt/airflow/dags/data_ingestion_gcs_dag.py                           1           0  1.63s           2023-12-19T16:12:14
================================================================================
[2023-12-19T16:13:13.712+0000] {manager.py:879} INFO - 
================================================================================
DAG File Processing Stats

File Path                                    PID    Runtime      # DAGs    # Errors  Last Runtime    Last Run
-------------------------------------------  -----  ---------  --------  ----------  --------------  -------------------
/opt/airflow/dags/data_ingestion_gcs_dag.py                           1           0  0.57s           2023-12-19T16:12:45
================================================================================
[2023-12-19T16:13:43.892+0000] {manager.py:879} INFO - 
================================================================================
DAG File Processing Stats

File Path                                    PID    Runtime      # DAGs    # Errors  Last Runtime    Last Run
-------------------------------------------  -----  ---------  --------  ----------  --------------  -------------------
/opt/airflow/dags/data_ingestion_gcs_dag.py                           1           0  0.21s           2023-12-19T16:13:15
================================================================================
[2023-12-19T16:14:14.314+0000] {manager.py:879} INFO - 
================================================================================
DAG File Processing Stats

File Path                                    PID    Runtime      # DAGs    # Errors  Last Runtime    Last Run
-------------------------------------------  -----  ---------  --------  ----------  --------------  -------------------
/opt/airflow/dags/data_ingestion_gcs_dag.py                           1           0  0.23s           2023-12-19T16:13:46
================================================================================
[2023-12-19T16:14:44.746+0000] {manager.py:879} INFO - 
================================================================================
DAG File Processing Stats

File Path                                    PID    Runtime      # DAGs    # Errors  Last Runtime    Last Run
-------------------------------------------  -----  ---------  --------  ----------  --------------  -------------------
/opt/airflow/dags/data_ingestion_gcs_dag.py                           1           0  0.60s           2023-12-19T16:14:16
================================================================================
[2023-12-19T16:15:14.778+0000] {manager.py:879} INFO - 
================================================================================
DAG File Processing Stats

File Path                                    PID    Runtime      # DAGs    # Errors  Last Runtime    Last Run
-------------------------------------------  -----  ---------  --------  ----------  --------------  -------------------
/opt/airflow/dags/data_ingestion_gcs_dag.py                           1           0  0.47s           2023-12-19T16:14:47
================================================================================
[2023-12-19T16:15:44.970+0000] {manager.py:879} INFO - 
================================================================================
DAG File Processing Stats

File Path                                    PID    Runtime      # DAGs    # Errors  Last Runtime    Last Run
-------------------------------------------  -----  ---------  --------  ----------  --------------  -------------------
/opt/airflow/dags/data_ingestion_gcs_dag.py                           1           0  0.28s           2023-12-19T16:15:18
================================================================================
[2023-12-19T16:16:15.401+0000] {manager.py:879} INFO - 
================================================================================
DAG File Processing Stats

File Path                                    PID    Runtime      # DAGs    # Errors  Last Runtime    Last Run
-------------------------------------------  -----  ---------  --------  ----------  --------------  -------------------
/opt/airflow/dags/data_ingestion_gcs_dag.py                           1           0  0.25s           2023-12-19T16:15:48
================================================================================
[2023-12-19T16:16:45.929+0000] {manager.py:879} INFO - 
================================================================================
DAG File Processing Stats

File Path                                    PID    Runtime      # DAGs    # Errors  Last Runtime    Last Run
-------------------------------------------  -----  ---------  --------  ----------  --------------  -------------------
/opt/airflow/dags/data_ingestion_gcs_dag.py                           1           0  0.35s           2023-12-19T16:16:18
================================================================================
[2023-12-19T16:17:06.666+0000] {manager.py:738} INFO - Searching for files in /opt/airflow/dags
[2023-12-19T16:17:06.783+0000] {manager.py:741} INFO - There are 1 files in /opt/airflow/dags
[2023-12-19T16:17:16.433+0000] {manager.py:879} INFO - 
================================================================================
DAG File Processing Stats

File Path                                    PID    Runtime      # DAGs    # Errors  Last Runtime    Last Run
-------------------------------------------  -----  ---------  --------  ----------  --------------  -------------------
/opt/airflow/dags/data_ingestion_gcs_dag.py                           1           0  0.43s           2023-12-19T16:16:49
================================================================================
[2023-12-19T16:17:31.480+0000] {manager.py:451} INFO - Exiting gracefully upon receiving signal 15
[2023-12-21T16:06:26.856+0000] {manager.py:469} INFO - Processing files using up to 2 processes at a time 
[2023-12-21T16:06:26.857+0000] {manager.py:470} INFO - Process each file at most once every 30 seconds
[2023-12-21T16:06:26.858+0000] {manager.py:471} INFO - Checking for new files in /opt/airflow/dags every 300 seconds
[2023-12-21T16:06:26.858+0000] {manager.py:738} INFO - Searching for files in /opt/airflow/dags
[2023-12-21T16:06:26.869+0000] {manager.py:741} INFO - There are 1 files in /opt/airflow/dags
[2023-12-21T16:06:30.679+0000] {manager.py:879} INFO - 
================================================================================
DAG File Processing Stats

File Path                                      PID  Runtime      # DAGs    # Errors  Last Runtime    Last Run
-------------------------------------------  -----  ---------  --------  ----------  --------------  ----------
/opt/airflow/dags/data_ingestion_gcs_dag.py    180  0.06s             0           0
================================================================================
[2023-12-21T16:07:00.828+0000] {manager.py:879} INFO - 
================================================================================
DAG File Processing Stats

File Path                                    PID    Runtime      # DAGs    # Errors  Last Runtime    Last Run
-------------------------------------------  -----  ---------  --------  ----------  --------------  -------------------
/opt/airflow/dags/data_ingestion_gcs_dag.py                           1           0  0.53s           2023-12-21T16:06:31
================================================================================
[2023-12-21T16:07:31.496+0000] {manager.py:879} INFO - 
================================================================================
DAG File Processing Stats

File Path                                      PID  Runtime      # DAGs    # Errors  Last Runtime    Last Run
-------------------------------------------  -----  ---------  --------  ----------  --------------  -------------------
/opt/airflow/dags/data_ingestion_gcs_dag.py    236  0.01s             1           0  0.14s           2023-12-21T16:07:01
================================================================================
[2023-12-21T16:08:01.763+0000] {manager.py:879} INFO - 
================================================================================
DAG File Processing Stats

File Path                                      PID  Runtime      # DAGs    # Errors  Last Runtime    Last Run
-------------------------------------------  -----  ---------  --------  ----------  --------------  -------------------
/opt/airflow/dags/data_ingestion_gcs_dag.py    267  0.01s             1           0  0.16s           2023-12-21T16:07:31
================================================================================
[2023-12-21T16:08:31.960+0000] {manager.py:879} INFO - 
================================================================================
DAG File Processing Stats

File Path                                      PID  Runtime      # DAGs    # Errors  Last Runtime    Last Run
-------------------------------------------  -----  ---------  --------  ----------  --------------  -------------------
/opt/airflow/dags/data_ingestion_gcs_dag.py    295  0.01s             1           0  0.15s           2023-12-21T16:08:01
================================================================================
[2023-12-21T16:09:02.237+0000] {manager.py:879} INFO - 
================================================================================
DAG File Processing Stats

File Path                                      PID  Runtime      # DAGs    # Errors  Last Runtime    Last Run
-------------------------------------------  -----  ---------  --------  ----------  --------------  -------------------
/opt/airflow/dags/data_ingestion_gcs_dag.py    317  0.01s             1           0  0.17s           2023-12-21T16:08:32
================================================================================
[2023-12-21T16:09:32.432+0000] {manager.py:879} INFO - 
================================================================================
DAG File Processing Stats

File Path                                      PID  Runtime      # DAGs    # Errors  Last Runtime    Last Run
-------------------------------------------  -----  ---------  --------  ----------  --------------  -------------------
/opt/airflow/dags/data_ingestion_gcs_dag.py    338  0.01s             1           0  0.14s           2023-12-21T16:09:02
================================================================================
[2023-12-21T16:10:02.647+0000] {manager.py:879} INFO - 
================================================================================
DAG File Processing Stats

File Path                                      PID  Runtime      # DAGs    # Errors  Last Runtime    Last Run
-------------------------------------------  -----  ---------  --------  ----------  --------------  -------------------
/opt/airflow/dags/data_ingestion_gcs_dag.py    367  0.01s             1           0  0.16s           2023-12-21T16:09:32
================================================================================
[2023-12-21T16:10:32.886+0000] {manager.py:879} INFO - 
================================================================================
DAG File Processing Stats

File Path                                      PID  Runtime      # DAGs    # Errors  Last Runtime    Last Run
-------------------------------------------  -----  ---------  --------  ----------  --------------  -------------------
/opt/airflow/dags/data_ingestion_gcs_dag.py    388  0.01s             1           0  0.16s           2023-12-21T16:10:02
================================================================================
[2023-12-21T16:11:03.112+0000] {manager.py:879} INFO - 
================================================================================
DAG File Processing Stats

File Path                                      PID  Runtime      # DAGs    # Errors  Last Runtime    Last Run
-------------------------------------------  -----  ---------  --------  ----------  --------------  -------------------
/opt/airflow/dags/data_ingestion_gcs_dag.py    409  0.01s             1           0  0.16s           2023-12-21T16:10:33
================================================================================
[2023-12-21T16:11:27.317+0000] {manager.py:738} INFO - Searching for files in /opt/airflow/dags
[2023-12-21T16:11:27.326+0000] {manager.py:741} INFO - There are 1 files in /opt/airflow/dags
[2023-12-21T16:11:33.411+0000] {manager.py:879} INFO - 
================================================================================
DAG File Processing Stats

File Path                                      PID  Runtime      # DAGs    # Errors  Last Runtime    Last Run
-------------------------------------------  -----  ---------  --------  ----------  --------------  -------------------
/opt/airflow/dags/data_ingestion_gcs_dag.py    446  0.01s             1           0  0.15s           2023-12-21T16:11:03
================================================================================
[2023-12-21T16:12:03.596+0000] {manager.py:879} INFO - 
================================================================================
DAG File Processing Stats

File Path                                      PID  Runtime      # DAGs    # Errors  Last Runtime    Last Run
-------------------------------------------  -----  ---------  --------  ----------  --------------  -------------------
/opt/airflow/dags/data_ingestion_gcs_dag.py    470  0.01s             1           0  0.16s           2023-12-21T16:11:33
================================================================================
[2023-12-21T16:12:33.873+0000] {manager.py:879} INFO - 
================================================================================
DAG File Processing Stats

File Path                                      PID  Runtime      # DAGs    # Errors  Last Runtime    Last Run
-------------------------------------------  -----  ---------  --------  ----------  --------------  -------------------
/opt/airflow/dags/data_ingestion_gcs_dag.py    500  0.00s             1           0  0.14s           2023-12-21T16:12:03
================================================================================
[2023-12-21T16:13:04.060+0000] {manager.py:879} INFO - 
================================================================================
DAG File Processing Stats

File Path                                      PID  Runtime      # DAGs    # Errors  Last Runtime    Last Run
-------------------------------------------  -----  ---------  --------  ----------  --------------  -------------------
/opt/airflow/dags/data_ingestion_gcs_dag.py    524  0.01s             1           0  0.14s           2023-12-21T16:12:34
================================================================================
[2023-12-21T16:13:34.321+0000] {manager.py:879} INFO - 
================================================================================
DAG File Processing Stats

File Path                                      PID  Runtime      # DAGs    # Errors  Last Runtime    Last Run
-------------------------------------------  -----  ---------  --------  ----------  --------------  -------------------
/opt/airflow/dags/data_ingestion_gcs_dag.py    545  0.01s             1           0  0.15s           2023-12-21T16:13:04
================================================================================
[2023-12-21T16:14:04.556+0000] {manager.py:879} INFO - 
================================================================================
DAG File Processing Stats

File Path                                      PID  Runtime      # DAGs    # Errors  Last Runtime    Last Run
-------------------------------------------  -----  ---------  --------  ----------  --------------  -------------------
/opt/airflow/dags/data_ingestion_gcs_dag.py    574  0.01s             1           0  0.16s           2023-12-21T16:13:34
================================================================================
[2023-12-21T16:14:34.785+0000] {manager.py:879} INFO - 
================================================================================
DAG File Processing Stats

File Path                                    PID    Runtime      # DAGs    # Errors  Last Runtime    Last Run
-------------------------------------------  -----  ---------  --------  ----------  --------------  -------------------
/opt/airflow/dags/data_ingestion_gcs_dag.py                           1           0  0.27s           2023-12-21T16:14:04
================================================================================
[2023-12-21T16:15:05.160+0000] {manager.py:879} INFO - 
================================================================================
DAG File Processing Stats

File Path                                      PID  Runtime      # DAGs    # Errors  Last Runtime    Last Run
-------------------------------------------  -----  ---------  --------  ----------  --------------  -------------------
/opt/airflow/dags/data_ingestion_gcs_dag.py    616  0.00s             1           0  0.18s           2023-12-21T16:14:35
================================================================================
[2023-12-21T16:15:35.479+0000] {manager.py:879} INFO - 
================================================================================
DAG File Processing Stats

File Path                                      PID  Runtime      # DAGs    # Errors  Last Runtime    Last Run
-------------------------------------------  -----  ---------  --------  ----------  --------------  -------------------
/opt/airflow/dags/data_ingestion_gcs_dag.py    645  0.00s             1           0  0.15s           2023-12-21T16:15:05
================================================================================
[2023-12-21T16:16:05.674+0000] {manager.py:879} INFO - 
================================================================================
DAG File Processing Stats

File Path                                      PID  Runtime      # DAGs    # Errors  Last Runtime    Last Run
-------------------------------------------  -----  ---------  --------  ----------  --------------  -------------------
/opt/airflow/dags/data_ingestion_gcs_dag.py    666  0.01s             1           0  0.14s           2023-12-21T16:15:35
================================================================================
[2023-12-21T16:16:27.872+0000] {manager.py:738} INFO - Searching for files in /opt/airflow/dags
[2023-12-21T16:16:27.884+0000] {manager.py:741} INFO - There are 1 files in /opt/airflow/dags
[2023-12-21T16:16:35.958+0000] {manager.py:879} INFO - 
================================================================================
DAG File Processing Stats

File Path                                      PID  Runtime      # DAGs    # Errors  Last Runtime    Last Run
-------------------------------------------  -----  ---------  --------  ----------  --------------  -------------------
/opt/airflow/dags/data_ingestion_gcs_dag.py    695  0.01s             1           0  0.17s           2023-12-21T16:16:05
================================================================================
[2023-12-21T16:17:06.197+0000] {manager.py:879} INFO - 
================================================================================
DAG File Processing Stats

File Path                                      PID  Runtime      # DAGs    # Errors  Last Runtime    Last Run
-------------------------------------------  -----  ---------  --------  ----------  --------------  -------------------
/opt/airflow/dags/data_ingestion_gcs_dag.py    716  0.01s             1           0  0.16s           2023-12-21T16:16:36
================================================================================
[2023-12-21T16:17:36.446+0000] {manager.py:879} INFO - 
================================================================================
DAG File Processing Stats

File Path                                      PID  Runtime      # DAGs    # Errors  Last Runtime    Last Run
-------------------------------------------  -----  ---------  --------  ----------  --------------  -------------------
/opt/airflow/dags/data_ingestion_gcs_dag.py    745  0.00s             1           0  0.15s           2023-12-21T16:17:06
================================================================================
[2023-12-21T16:18:06.692+0000] {manager.py:879} INFO - 
================================================================================
DAG File Processing Stats

File Path                                      PID  Runtime      # DAGs    # Errors  Last Runtime    Last Run
-------------------------------------------  -----  ---------  --------  ----------  --------------  -------------------
/opt/airflow/dags/data_ingestion_gcs_dag.py    766  0.01s             1           0  0.12s           2023-12-21T16:17:36
================================================================================
[2023-12-21T16:18:36.906+0000] {manager.py:879} INFO - 
================================================================================
DAG File Processing Stats

File Path                                      PID  Runtime      # DAGs    # Errors  Last Runtime    Last Run
-------------------------------------------  -----  ---------  --------  ----------  --------------  -------------------
/opt/airflow/dags/data_ingestion_gcs_dag.py    794  0.01s             1           0  0.14s           2023-12-21T16:18:06
================================================================================
[2023-12-21T16:18:49.533+0000] {manager.py:451} INFO - Exiting gracefully upon receiving signal 15
