[2023-12-19T16:12:13.175+0000] {processor.py:161} INFO - Started process (PID=61) to work on /opt/airflow/dags/data_ingestion_gcs_dag.py
[2023-12-19T16:12:13.195+0000] {processor.py:830} INFO - Processing file /opt/airflow/dags/data_ingestion_gcs_dag.py for tasks to queue
[2023-12-19T16:12:13.203+0000] {logging_mixin.py:188} INFO - [2023-12-19T16:12:13.202+0000] {dagbag.py:538} INFO - Filling up the DagBag from /opt/airflow/dags/data_ingestion_gcs_dag.py
[2023-12-19T16:12:13.449+0000] {processor.py:840} INFO - DAG(s) 'data_ingestion_gcs_dag' retrieved from /opt/airflow/dags/data_ingestion_gcs_dag.py
[2023-12-19T16:12:14.476+0000] {logging_mixin.py:188} INFO - [2023-12-19T16:12:14.474+0000] {override.py:1769} INFO - Created Permission View: can edit on DAG:data_ingestion_gcs_dag
[2023-12-19T16:12:14.510+0000] {logging_mixin.py:188} INFO - [2023-12-19T16:12:14.510+0000] {override.py:1769} INFO - Created Permission View: can delete on DAG:data_ingestion_gcs_dag
[2023-12-19T16:12:14.558+0000] {logging_mixin.py:188} INFO - [2023-12-19T16:12:14.557+0000] {override.py:1769} INFO - Created Permission View: can read on DAG:data_ingestion_gcs_dag
[2023-12-19T16:12:14.564+0000] {logging_mixin.py:188} INFO - [2023-12-19T16:12:14.563+0000] {dag.py:3033} INFO - Sync 1 DAGs
[2023-12-19T16:12:14.599+0000] {logging_mixin.py:188} INFO - [2023-12-19T16:12:14.598+0000] {dag.py:3055} INFO - Creating ORM DAG for data_ingestion_gcs_dag
[2023-12-19T16:12:14.657+0000] {logging_mixin.py:188} INFO - [2023-12-19T16:12:14.656+0000] {dag.py:3820} INFO - Setting next_dagrun for data_ingestion_gcs_dag to 2023-12-18T00:00:00+00:00, run_after=2023-12-19T00:00:00+00:00
[2023-12-19T16:12:14.733+0000] {processor.py:183} INFO - Processing /opt/airflow/dags/data_ingestion_gcs_dag.py took 1.569 seconds
[2023-12-19T16:12:45.033+0000] {processor.py:161} INFO - Started process (PID=71) to work on /opt/airflow/dags/data_ingestion_gcs_dag.py
[2023-12-19T16:12:45.035+0000] {processor.py:830} INFO - Processing file /opt/airflow/dags/data_ingestion_gcs_dag.py for tasks to queue
[2023-12-19T16:12:45.039+0000] {logging_mixin.py:188} INFO - [2023-12-19T16:12:45.038+0000] {dagbag.py:538} INFO - Filling up the DagBag from /opt/airflow/dags/data_ingestion_gcs_dag.py
[2023-12-19T16:12:45.322+0000] {processor.py:840} INFO - DAG(s) 'data_ingestion_gcs_dag' retrieved from /opt/airflow/dags/data_ingestion_gcs_dag.py
[2023-12-19T16:12:45.417+0000] {logging_mixin.py:188} INFO - [2023-12-19T16:12:45.417+0000] {dag.py:3033} INFO - Sync 1 DAGs
[2023-12-19T16:12:45.498+0000] {logging_mixin.py:188} INFO - [2023-12-19T16:12:45.497+0000] {dag.py:3820} INFO - Setting next_dagrun for data_ingestion_gcs_dag to 2023-12-18T00:00:00+00:00, run_after=2023-12-19T00:00:00+00:00
[2023-12-19T16:12:45.556+0000] {processor.py:183} INFO - Processing /opt/airflow/dags/data_ingestion_gcs_dag.py took 0.529 seconds
[2023-12-19T16:13:15.747+0000] {processor.py:161} INFO - Started process (PID=88) to work on /opt/airflow/dags/data_ingestion_gcs_dag.py
[2023-12-19T16:13:15.749+0000] {processor.py:830} INFO - Processing file /opt/airflow/dags/data_ingestion_gcs_dag.py for tasks to queue
[2023-12-19T16:13:15.753+0000] {logging_mixin.py:188} INFO - [2023-12-19T16:13:15.752+0000] {dagbag.py:538} INFO - Filling up the DagBag from /opt/airflow/dags/data_ingestion_gcs_dag.py
[2023-12-19T16:13:15.804+0000] {processor.py:840} INFO - DAG(s) 'data_ingestion_gcs_dag' retrieved from /opt/airflow/dags/data_ingestion_gcs_dag.py
[2023-12-19T16:13:15.846+0000] {logging_mixin.py:188} INFO - [2023-12-19T16:13:15.846+0000] {dag.py:3033} INFO - Sync 1 DAGs
[2023-12-19T16:13:15.887+0000] {logging_mixin.py:188} INFO - [2023-12-19T16:13:15.886+0000] {dag.py:3820} INFO - Setting next_dagrun for data_ingestion_gcs_dag to 2023-12-18T00:00:00+00:00, run_after=2023-12-19T00:00:00+00:00
[2023-12-19T16:13:15.921+0000] {processor.py:183} INFO - Processing /opt/airflow/dags/data_ingestion_gcs_dag.py took 0.178 seconds
[2023-12-19T16:13:46.125+0000] {processor.py:161} INFO - Started process (PID=105) to work on /opt/airflow/dags/data_ingestion_gcs_dag.py
[2023-12-19T16:13:46.127+0000] {processor.py:830} INFO - Processing file /opt/airflow/dags/data_ingestion_gcs_dag.py for tasks to queue
[2023-12-19T16:13:46.134+0000] {logging_mixin.py:188} INFO - [2023-12-19T16:13:46.134+0000] {dagbag.py:538} INFO - Filling up the DagBag from /opt/airflow/dags/data_ingestion_gcs_dag.py
[2023-12-19T16:13:46.195+0000] {processor.py:840} INFO - DAG(s) 'data_ingestion_gcs_dag' retrieved from /opt/airflow/dags/data_ingestion_gcs_dag.py
[2023-12-19T16:13:46.236+0000] {logging_mixin.py:188} INFO - [2023-12-19T16:13:46.235+0000] {dag.py:3033} INFO - Sync 1 DAGs
[2023-12-19T16:13:46.271+0000] {logging_mixin.py:188} INFO - [2023-12-19T16:13:46.271+0000] {dag.py:3820} INFO - Setting next_dagrun for data_ingestion_gcs_dag to 2023-12-18T00:00:00+00:00, run_after=2023-12-19T00:00:00+00:00
[2023-12-19T16:13:46.307+0000] {processor.py:183} INFO - Processing /opt/airflow/dags/data_ingestion_gcs_dag.py took 0.189 seconds
[2023-12-19T16:14:16.403+0000] {processor.py:161} INFO - Started process (PID=122) to work on /opt/airflow/dags/data_ingestion_gcs_dag.py
[2023-12-19T16:14:16.408+0000] {processor.py:830} INFO - Processing file /opt/airflow/dags/data_ingestion_gcs_dag.py for tasks to queue
[2023-12-19T16:14:16.416+0000] {logging_mixin.py:188} INFO - [2023-12-19T16:14:16.415+0000] {dagbag.py:538} INFO - Filling up the DagBag from /opt/airflow/dags/data_ingestion_gcs_dag.py
[2023-12-19T16:14:16.556+0000] {processor.py:840} INFO - DAG(s) 'data_ingestion_gcs_dag' retrieved from /opt/airflow/dags/data_ingestion_gcs_dag.py
[2023-12-19T16:14:16.672+0000] {logging_mixin.py:188} INFO - [2023-12-19T16:14:16.671+0000] {dag.py:3033} INFO - Sync 1 DAGs
[2023-12-19T16:14:16.919+0000] {processor.py:183} INFO - Processing /opt/airflow/dags/data_ingestion_gcs_dag.py took 0.533 seconds
[2023-12-19T16:14:47.205+0000] {processor.py:161} INFO - Started process (PID=139) to work on /opt/airflow/dags/data_ingestion_gcs_dag.py
[2023-12-19T16:14:47.208+0000] {processor.py:830} INFO - Processing file /opt/airflow/dags/data_ingestion_gcs_dag.py for tasks to queue
[2023-12-19T16:14:47.216+0000] {logging_mixin.py:188} INFO - [2023-12-19T16:14:47.215+0000] {dagbag.py:538} INFO - Filling up the DagBag from /opt/airflow/dags/data_ingestion_gcs_dag.py
[2023-12-19T16:14:47.374+0000] {processor.py:840} INFO - DAG(s) 'data_ingestion_gcs_dag' retrieved from /opt/airflow/dags/data_ingestion_gcs_dag.py
[2023-12-19T16:14:47.461+0000] {logging_mixin.py:188} INFO - [2023-12-19T16:14:47.460+0000] {dag.py:3033} INFO - Sync 1 DAGs
[2023-12-19T16:14:47.615+0000] {processor.py:183} INFO - Processing /opt/airflow/dags/data_ingestion_gcs_dag.py took 0.430 seconds
[2023-12-19T16:15:17.826+0000] {processor.py:161} INFO - Started process (PID=156) to work on /opt/airflow/dags/data_ingestion_gcs_dag.py
[2023-12-19T16:15:17.829+0000] {processor.py:830} INFO - Processing file /opt/airflow/dags/data_ingestion_gcs_dag.py for tasks to queue
[2023-12-19T16:15:17.834+0000] {logging_mixin.py:188} INFO - [2023-12-19T16:15:17.834+0000] {dagbag.py:538} INFO - Filling up the DagBag from /opt/airflow/dags/data_ingestion_gcs_dag.py
[2023-12-19T16:15:17.899+0000] {processor.py:840} INFO - DAG(s) 'data_ingestion_gcs_dag' retrieved from /opt/airflow/dags/data_ingestion_gcs_dag.py
[2023-12-19T16:15:17.955+0000] {logging_mixin.py:188} INFO - [2023-12-19T16:15:17.955+0000] {dag.py:3033} INFO - Sync 1 DAGs
[2023-12-19T16:15:18.060+0000] {processor.py:183} INFO - Processing /opt/airflow/dags/data_ingestion_gcs_dag.py took 0.242 seconds
[2023-12-19T16:15:48.278+0000] {processor.py:161} INFO - Started process (PID=173) to work on /opt/airflow/dags/data_ingestion_gcs_dag.py
[2023-12-19T16:15:48.280+0000] {processor.py:830} INFO - Processing file /opt/airflow/dags/data_ingestion_gcs_dag.py for tasks to queue
[2023-12-19T16:15:48.285+0000] {logging_mixin.py:188} INFO - [2023-12-19T16:15:48.285+0000] {dagbag.py:538} INFO - Filling up the DagBag from /opt/airflow/dags/data_ingestion_gcs_dag.py
[2023-12-19T16:15:48.346+0000] {processor.py:840} INFO - DAG(s) 'data_ingestion_gcs_dag' retrieved from /opt/airflow/dags/data_ingestion_gcs_dag.py
[2023-12-19T16:15:48.400+0000] {logging_mixin.py:188} INFO - [2023-12-19T16:15:48.400+0000] {dag.py:3033} INFO - Sync 1 DAGs
[2023-12-19T16:15:48.493+0000] {processor.py:183} INFO - Processing /opt/airflow/dags/data_ingestion_gcs_dag.py took 0.222 seconds
[2023-12-19T16:16:18.658+0000] {processor.py:161} INFO - Started process (PID=190) to work on /opt/airflow/dags/data_ingestion_gcs_dag.py
[2023-12-19T16:16:18.660+0000] {processor.py:830} INFO - Processing file /opt/airflow/dags/data_ingestion_gcs_dag.py for tasks to queue
[2023-12-19T16:16:18.663+0000] {logging_mixin.py:188} INFO - [2023-12-19T16:16:18.663+0000] {dagbag.py:538} INFO - Filling up the DagBag from /opt/airflow/dags/data_ingestion_gcs_dag.py
[2023-12-19T16:16:18.716+0000] {processor.py:840} INFO - DAG(s) 'data_ingestion_gcs_dag' retrieved from /opt/airflow/dags/data_ingestion_gcs_dag.py
[2023-12-19T16:16:18.748+0000] {logging_mixin.py:188} INFO - [2023-12-19T16:16:18.747+0000] {dag.py:3033} INFO - Sync 1 DAGs
[2023-12-19T16:16:18.984+0000] {processor.py:183} INFO - Processing /opt/airflow/dags/data_ingestion_gcs_dag.py took 0.331 seconds
[2023-12-19T16:16:49.216+0000] {processor.py:161} INFO - Started process (PID=208) to work on /opt/airflow/dags/data_ingestion_gcs_dag.py
[2023-12-19T16:16:49.220+0000] {processor.py:830} INFO - Processing file /opt/airflow/dags/data_ingestion_gcs_dag.py for tasks to queue
[2023-12-19T16:16:49.229+0000] {logging_mixin.py:188} INFO - [2023-12-19T16:16:49.228+0000] {dagbag.py:538} INFO - Filling up the DagBag from /opt/airflow/dags/data_ingestion_gcs_dag.py
[2023-12-19T16:16:49.366+0000] {processor.py:840} INFO - DAG(s) 'data_ingestion_gcs_dag' retrieved from /opt/airflow/dags/data_ingestion_gcs_dag.py
[2023-12-19T16:16:49.443+0000] {logging_mixin.py:188} INFO - [2023-12-19T16:16:49.442+0000] {dag.py:3033} INFO - Sync 1 DAGs
[2023-12-19T16:16:49.575+0000] {processor.py:183} INFO - Processing /opt/airflow/dags/data_ingestion_gcs_dag.py took 0.372 seconds
[2023-12-19T16:17:20.479+0000] {processor.py:161} INFO - Started process (PID=217) to work on /opt/airflow/dags/data_ingestion_gcs_dag.py
[2023-12-19T16:17:20.481+0000] {processor.py:830} INFO - Processing file /opt/airflow/dags/data_ingestion_gcs_dag.py for tasks to queue
[2023-12-19T16:17:20.485+0000] {logging_mixin.py:188} INFO - [2023-12-19T16:17:20.485+0000] {dagbag.py:538} INFO - Filling up the DagBag from /opt/airflow/dags/data_ingestion_gcs_dag.py
[2023-12-19T16:17:20.541+0000] {processor.py:840} INFO - DAG(s) 'data_ingestion_gcs_dag' retrieved from /opt/airflow/dags/data_ingestion_gcs_dag.py
[2023-12-19T16:17:20.581+0000] {logging_mixin.py:188} INFO - [2023-12-19T16:17:20.580+0000] {dag.py:3033} INFO - Sync 1 DAGs
[2023-12-19T16:17:20.650+0000] {processor.py:183} INFO - Processing /opt/airflow/dags/data_ingestion_gcs_dag.py took 0.177 seconds
